time="2023-11-12 00:06:00" level=INFO source=config.go:36 msg="config è¯»å–æˆåŠŸ"
time="2023-11-12 00:06:00" level=INFO source=cookie.go:24 msg="" Browser.!BADKEY="[Proxy http://127.0.0.1:10809]"
time="2023-11-12 00:06:00" level=ERROR source=checkTime.go:22 msg=æ—¥æœŸé”™è¯¯ï¼Œæ—¥æœŸè¿˜æœªåˆ°è¾¾
time="2023-11-12 00:06:00" level=INFO source=DownloadByRank.go:99 msg="Download Ranking by Post ID mode (15)."
time="2023-11-12 00:06:00" level=INFO source=DownloadByRank.go:105 msg="Downloading Setting View:R18 true,Data 20231111, Mode daily, TopPage 10, Content all, SkipIllust false, SkipUgoira false, SkipManga false, SkipNovel false"
time="2023-11-12 00:06:00" level=INFO source=DownloadByRank.go:122 msg="** Page 1 **"
time="2023-11-12 00:06:04" level=DEBUG source=browser.go:70 msg="https://www.pixiv.net/ranking.php?mode=daily&date=20231111&p=1&format=json"
time="2023-11-12 00:06:04" level=INFO source=DownloadByRank.go:124 msg=""
time="2023-11-12 00:06:04" level=INFO source=DownloadByRank.go:200 msg=éœ€ä¸‹è½½å‰top10ï¼ŒæˆåŠŸä¸‹è½½å‰top0ï¼Œä¸‹è½½å¤±è´¥0ï¼Œè¿‡æ»¤ä¸ª0ï¼ŒæˆåŠŸä¸‹è½½0ä¸ªå›¾ç‰‡
time="2023-11-12 15:46:19" level=INFO source=config.go:36 msg="config è¯»å–æˆåŠŸ"
time="2023-11-12 15:46:19" level=INFO source=cookie.go:24 msg="" Browser.!BADKEY="[Proxy http://127.0.0.1:10809]"
time="2023-11-12 15:47:06" level=INFO source=config.go:36 msg="config è¯»å–æˆåŠŸ"
time="2023-11-12 15:47:06" level=INFO source=cookie.go:24 msg="" Browser.!BADKEY="[Proxy http://127.0.0.1:10809]"
time="2023-11-12 15:48:04" level=INFO source=config.go:36 msg="config è¯»å–æˆåŠŸ"
time="2023-11-12 15:48:04" level=INFO source=cookie.go:24 msg="" Browser.!BADKEY="[Proxy http://127.0.0.1:10809]"
time="2023-11-12 16:02:08" level=INFO source=config.go:36 msg="config è¯»å–æˆåŠŸ"
time="2023-11-12 16:02:08" level=INFO source=cookie.go:24 msg="" Browser.!BADKEY="[Proxy http://127.0.0.1:10809]"
time="2023-11-12 22:53:17" level=INFO source=config.go:36 msg="config è¯»å–æˆåŠŸ"
time="2023-11-12 22:53:17" level=INFO source=cookie.go:24 msg="" Browser.!BADKEY="[Proxy http://127.0.0.1:10809]"
time="2023-11-12 22:53:18" level=INFO source=DownloadByRank.go:99 msg="Download Ranking by Post ID mode (15)."
time="2023-11-12 22:53:18" level=INFO source=DownloadByRank.go:105 msg="Downloading Setting View:R18 true,Data 20231111, Mode daily, TopPage 10, Content all, SkipIllust false, SkipUgoira false, SkipManga false, SkipNovel false"
time="2023-11-12 22:53:18" level=INFO source=DownloadByRank.go:122 msg="** Page 1 **"
time="2023-11-12 22:53:20" level=DEBUG source=browser.go:70 msg="https://www.pixiv.net/ranking.php?mode=daily&date=20231111&p=1&format=json"
time="2023-11-12 22:53:20" level=INFO source=DownloadByRank.go:124 msg=""
time="2023-11-12 22:53:22" level=INFO source=browser.go:166 msg=" - [1/1]Image URL : https://i.pximg.net/img-original/img/2023/11/10/01/54/10/113278920_p0.jpg"
time="2023-11-12 22:53:25" level=INFO source=browser.go:180 msg="Image 113278920 DownLoad Success And Save In: Z:\\ä½¿ç”¨\\å›¾ç‰‡\\pixiv\\rank\\daily\\20231111-all\\ttosom(6203904)\\[113278920]-.jpg"
time="2023-11-12 22:53:26" level=INFO source=browser.go:166 msg=" - [1/1]Image URL : https://i.pximg.net/img-original/img/2023/11/10/02/20/38/113279279_p0.jpg"
time="2023-11-12 22:53:27" level=INFO source=browser.go:180 msg="Image 113279279 DownLoad Success And Save In: Z:\\ä½¿ç”¨\\å›¾ç‰‡\\pixiv\\rank\\daily\\20231111-all\\ï¿¦ANKE(24218478)\\[113279279]ğ—”rtğ—œst.jpg"
time="2023-11-12 22:53:28" level=INFO source=browser.go:166 msg=" - [1/1]Image URL : https://i.pximg.net/img-original/img/2023/11/10/12/04/40/113285690_p0.jpg"
time="2023-11-12 22:53:29" level=INFO source=browser.go:180 msg="Image 113285690 DownLoad Success And Save In: Z:\\ä½¿ç”¨\\å›¾ç‰‡\\pixiv\\rank\\daily\\20231111-all\\siki(6558698)\\[113285690]..jpg"
time="2023-11-12 22:53:30" level=INFO source=browser.go:166 msg=" - [1/1]Image URL : https://i.pximg.net/img-original/img/2023/11/10/01/30/37/113278504_p0.jpg"
time="2023-11-12 22:53:31" level=INFO source=browser.go:180 msg="Image 113278504 DownLoad Success And Save In: Z:\\ä½¿ç”¨\\å›¾ç‰‡\\pixiv\\rank\\daily\\20231111-all\\Cotta(4558267)\\[113278504]ë¬´ì œ.jpg"
time="2023-11-12 22:53:32" level=INFO source=browser.go:166 msg=" - [1/1]Image URL : https://i.pximg.net/img-original/img/2023/11/10/00/08/46/113276508_p0.jpg"
time="2023-11-12 22:53:33" level=INFO source=browser.go:180 msg="Image 113276508 DownLoad Success And Save In: Z:\\ä½¿ç”¨\\å›¾ç‰‡\\pixiv\\rank\\daily\\20231111-all\\ç´…ã‚·ãƒ£ã‚±ï¼ ãŠä»•äº‹å‹Ÿé›†ä¸­(552160)\\[113276508]ä»²é–“ã«ãªã‚ŠãŸãã†ã«.jpg"
time="2023-11-12 22:53:34" level=INFO source=browser.go:166 msg=" - [1/1]Image URL : https://i.pximg.net/img-original/img/2023/11/10/21/44/22/113296953_p0.jpg"
time="2023-11-12 22:53:36" level=INFO source=browser.go:180 msg="Image 113296953 DownLoad Success And Save In: Z:\\ä½¿ç”¨\\å›¾ç‰‡\\pixiv\\rank\\daily\\20231111-all\\pottsness(59336265)\\[113296953]ã‚¹ã‚«ãƒ¼ã‚¯ã™ã”ã‹ã£ãŸ.jpg"
time="2023-11-12 22:53:37" level=INFO source=browser.go:166 msg=" - [1/10]Image URL : https://i.pximg.net/img-original/img/2023/11/11/12/57/37/113314252_p0.jpg"
time="2023-11-12 22:53:37" level=INFO source=browser.go:166 msg=" - [2/10]Image URL : https://i.pximg.net/img-original/img/2023/11/11/12/57/37/113314252_p1.jpg"
time="2023-11-12 22:53:37" level=INFO source=browser.go:166 msg=" - [3/10]Image URL : https://i.pximg.net/img-original/img/2023/11/11/12/57/37/113314252_p2.jpg"
time="2023-11-12 22:53:37" level=INFO source=browser.go:166 msg=" - [4/10]Image URL : https://i.pximg.net/img-original/img/2023/11/11/12/57/37/113314252_p3.jpg"
time="2023-11-12 22:53:37" level=INFO source=browser.go:166 msg=" - [5/10]Image URL : https://i.pximg.net/img-original/img/2023/11/11/12/57/37/113314252_p4.jpg"
time="2023-11-12 22:53:37" level=INFO source=browser.go:166 msg=" - [6/10]Image URL : https://i.pximg.net/img-original/img/2023/11/11/12/57/37/113314252_p5.jpg"
time="2023-11-12 22:53:37" level=INFO source=browser.go:166 msg=" - [7/10]Image URL : https://i.pximg.net/img-original/img/2023/11/11/12/57/37/113314252_p6.jpg"
time="2023-11-12 22:53:37" level=INFO source=browser.go:166 msg=" - [8/10]Image URL : https://i.pximg.net/img-original/img/2023/11/11/12/57/37/113314252_p7.jpg"
time="2023-11-12 22:53:37" level=INFO source=browser.go:166 msg=" - [9/10]Image URL : https://i.pximg.net/img-original/img/2023/11/11/12/57/37/113314252_p8.jpg"
time="2023-11-12 22:53:37" level=INFO source=browser.go:166 msg=" - [10/10]Image URL : https://i.pximg.net/img-original/img/2023/11/11/12/57/37/113314252_p9.jpg"
time="2023-11-12 22:53:41" level=INFO source=browser.go:180 msg="Image 113314252 DownLoad Success And Save In: Z:\\ä½¿ç”¨\\å›¾ç‰‡\\pixiv\\rank\\daily\\20231111-all\\é‰„ä¸€(39664106)\\[113314252_p6]ãƒœãƒ¼ã‚¤ãƒŸãƒ¼ãƒ„ã‚¬ãƒ¼ãƒ«ã€ã‚¢ã‚²ã‚¤ãƒ³ï¼.jpg"
time="2023-11-12 22:53:41" level=INFO source=browser.go:180 msg="Image 113314252 DownLoad Success And Save In: Z:\\ä½¿ç”¨\\å›¾ç‰‡\\pixiv\\rank\\daily\\20231111-all\\é‰„ä¸€(39664106)\\[113314252_p7]ãƒœãƒ¼ã‚¤ãƒŸãƒ¼ãƒ„ã‚¬ãƒ¼ãƒ«ã€ã‚¢ã‚²ã‚¤ãƒ³ï¼.jpg"
time="2023-11-12 22:53:42" level=INFO source=browser.go:180 msg="Image 113314252 DownLoad Success And Save In: Z:\\ä½¿ç”¨\\å›¾ç‰‡\\pixiv\\rank\\daily\\20231111-all\\é‰„ä¸€(39664106)\\[113314252_p9]ãƒœãƒ¼ã‚¤ãƒŸãƒ¼ãƒ„ã‚¬ãƒ¼ãƒ«ã€ã‚¢ã‚²ã‚¤ãƒ³ï¼.jpg"
time="2023-11-12 22:53:43" level=INFO source=browser.go:180 msg="Image 113314252 DownLoad Success And Save In: Z:\\ä½¿ç”¨\\å›¾ç‰‡\\pixiv\\rank\\daily\\20231111-all\\é‰„ä¸€(39664106)\\[113314252_p0]ãƒœãƒ¼ã‚¤ãƒŸãƒ¼ãƒ„ã‚¬ãƒ¼ãƒ«ã€ã‚¢ã‚²ã‚¤ãƒ³ï¼.jpg"
time="2023-11-12 22:53:43" level=INFO source=browser.go:180 msg="Image 113314252 DownLoad Success And Save In: Z:\\ä½¿ç”¨\\å›¾ç‰‡\\pixiv\\rank\\daily\\20231111-all\\é‰„ä¸€(39664106)\\[113314252_p1]ãƒœãƒ¼ã‚¤ãƒŸãƒ¼ãƒ„ã‚¬ãƒ¼ãƒ«ã€ã‚¢ã‚²ã‚¤ãƒ³ï¼.jpg"
time="2023-11-12 22:53:45" level=INFO source=browser.go:180 msg="Image 113314252 DownLoad Success And Save In: Z:\\ä½¿ç”¨\\å›¾ç‰‡\\pixiv\\rank\\daily\\20231111-all\\é‰„ä¸€(39664106)\\[113314252_p4]ãƒœãƒ¼ã‚¤ãƒŸãƒ¼ãƒ„ã‚¬ãƒ¼ãƒ«ã€ã‚¢ã‚²ã‚¤ãƒ³ï¼.jpg"
time="2023-11-12 22:53:45" level=INFO source=browser.go:180 msg="Image 113314252 DownLoad Success And Save In: Z:\\ä½¿ç”¨\\å›¾ç‰‡\\pixiv\\rank\\daily\\20231111-all\\é‰„ä¸€(39664106)\\[113314252_p3]ãƒœãƒ¼ã‚¤ãƒŸãƒ¼ãƒ„ã‚¬ãƒ¼ãƒ«ã€ã‚¢ã‚²ã‚¤ãƒ³ï¼.jpg"
time="2023-11-12 22:53:46" level=INFO source=browser.go:180 msg="Image 113314252 DownLoad Success And Save In: Z:\\ä½¿ç”¨\\å›¾ç‰‡\\pixiv\\rank\\daily\\20231111-all\\é‰„ä¸€(39664106)\\[113314252_p8]ãƒœãƒ¼ã‚¤ãƒŸãƒ¼ãƒ„ã‚¬ãƒ¼ãƒ«ã€ã‚¢ã‚²ã‚¤ãƒ³ï¼.jpg"
time="2023-11-12 22:53:46" level=INFO source=browser.go:180 msg="Image 113314252 DownLoad Success And Save In: Z:\\ä½¿ç”¨\\å›¾ç‰‡\\pixiv\\rank\\daily\\20231111-all\\é‰„ä¸€(39664106)\\[113314252_p2]ãƒœãƒ¼ã‚¤ãƒŸãƒ¼ãƒ„ã‚¬ãƒ¼ãƒ«ã€ã‚¢ã‚²ã‚¤ãƒ³ï¼.jpg"
time="2023-11-12 22:53:47" level=INFO source=browser.go:180 msg="Image 113314252 DownLoad Success And Save In: Z:\\ä½¿ç”¨\\å›¾ç‰‡\\pixiv\\rank\\daily\\20231111-all\\é‰„ä¸€(39664106)\\[113314252_p5]ãƒœãƒ¼ã‚¤ãƒŸãƒ¼ãƒ„ã‚¬ãƒ¼ãƒ«ã€ã‚¢ã‚²ã‚¤ãƒ³ï¼.jpg"
time="2023-11-12 22:53:48" level=INFO source=browser.go:166 msg=" - [1/1]Image URL : https://i.pximg.net/img-original/img/2023/11/10/00/39/39/113276649_p0.jpg"
time="2023-11-12 22:53:49" level=INFO source=browser.go:180 msg="Image 113276649 DownLoad Success And Save In: Z:\\ä½¿ç”¨\\å›¾ç‰‡\\pixiv\\rank\\daily\\20231111-all\\ã´ã‚ˆå‰(11049645)\\[113276649]ãƒ¬ã‚¤ãƒãƒª.jpg"
