time="2023-11-11 00:36:42" level=INFO source=config.go:35 msg="config è¯»å–æˆåŠŸ"
time="2023-11-11 00:36:42" level=INFO source=cookie.go:24 msg="" Browser.!BADKEY="[Proxy http://127.0.0.1:10809]"
time="2023-11-11 00:36:43" level=ERROR source=checkTime.go:22 msg=æ—¥æœŸé”™è¯¯ï¼Œæ—¥æœŸè¿˜æœªåˆ°è¾¾
time="2023-11-11 00:36:43" level=INFO source=DownloadByRank.go:94 msg="Download Ranking by Post ID mode (15)."
time="2023-11-11 00:36:43" level=INFO source=DownloadByRank.go:100 msg="Downloading Setting View:R18 true,Data 20231110, Mode daily, TopPage 10, Content , SkipIllust false, SkipUgoira false, SkipManga false, SkipNovel false"
time="2023-11-11 00:36:43" level=INFO source=DownloadByRank.go:119 msg="** Page 1 **"
time="2023-11-11 00:36:43" level=DEBUG source=browser.go:109 msg="https://www.pixiv.net/ranking.php?mode=daily&date=20231110&p=1&format=json"
time="2023-11-11 00:36:44" level=INFO source=DownloadByRank.go:121 msg=è§£æé”™è¯¯ï¼Œè¯·æ£€æŸ¥å‚æ•°æ˜¯å¦åŒ¹é…
time="2023-11-11 00:36:44" level=INFO source=DownloadByRank.go:183 msg=éœ€ä¸‹è½½å‰top10ï¼ŒæˆåŠŸä¸‹è½½å‰top0ï¼Œä¸‹è½½å¤±è´¥0ï¼Œè¿‡æ»¤ä¸ª0ï¼ŒæˆåŠŸä¸‹è½½0ä¸ªå›¾ç‰‡
time="2023-11-11 00:40:57" level=INFO source=config.go:35 msg="config è¯»å–æˆåŠŸ"
time="2023-11-11 00:40:57" level=INFO source=cookie.go:24 msg="" Browser.!BADKEY="[Proxy http://127.0.0.1:10809]"
time="2023-11-11 00:40:58" level=ERROR source=checkTime.go:22 msg=æ—¥æœŸé”™è¯¯ï¼Œæ—¥æœŸè¿˜æœªåˆ°è¾¾
time="2023-11-11 00:40:58" level=INFO source=DownloadByRank.go:94 msg="Download Ranking by Post ID mode (15)."
time="2023-11-11 00:40:58" level=INFO source=DownloadByRank.go:100 msg="Downloading Setting View:R18 true,Data 20231110, Mode daily, TopPage 10, Content , SkipIllust false, SkipUgoira false, SkipManga false, SkipNovel false"
time="2023-11-11 00:40:58" level=INFO source=DownloadByRank.go:119 msg="** Page 1 **"
time="2023-11-11 00:40:58" level=DEBUG source=browser.go:114 msg="https://www.pixiv.net/ranking.php?mode=daily&date=20231110&p=1&format=json"
time="2023-11-11 00:41:00" level=INFO source=DownloadByRank.go:121 msg=è§£æé”™è¯¯ï¼Œè¯·æ£€æŸ¥å‚æ•°æ˜¯å¦åŒ¹é…
time="2023-11-11 00:41:00" level=INFO source=DownloadByRank.go:183 msg=éœ€ä¸‹è½½å‰top10ï¼ŒæˆåŠŸä¸‹è½½å‰top0ï¼Œä¸‹è½½å¤±è´¥0ï¼Œè¿‡æ»¤ä¸ª0ï¼ŒæˆåŠŸä¸‹è½½0ä¸ªå›¾ç‰‡
time="2023-11-11 00:41:35" level=INFO source=config.go:35 msg="config è¯»å–æˆåŠŸ"
time="2023-11-11 00:41:35" level=INFO source=cookie.go:24 msg="" Browser.!BADKEY="[Proxy http://127.0.0.1:10809]"
time="2023-11-11 00:41:36" level=ERROR source=checkTime.go:22 msg=æ—¥æœŸé”™è¯¯ï¼Œæ—¥æœŸè¿˜æœªåˆ°è¾¾
time="2023-11-11 00:41:36" level=INFO source=DownloadByRank.go:94 msg="Download Ranking by Post ID mode (15)."
time="2023-11-11 00:41:36" level=INFO source=DownloadByRank.go:100 msg="Downloading Setting View:R18 true,Data 20231110, Mode daily, TopPage 10, Content , SkipIllust false, SkipUgoira false, SkipManga false, SkipNovel false"
time="2023-11-11 00:41:36" level=INFO source=DownloadByRank.go:119 msg="** Page 1 **"
time="2023-11-11 00:41:36" level=DEBUG source=browser.go:115 msg="https://www.pixiv.net/ranking.php?mode=daily&date=20231110&p=1&format=json"
time="2023-11-11 00:41:37" level=INFO source=DownloadByRank.go:121 msg=è§£æé”™è¯¯ï¼Œè¯·æ£€æŸ¥å‚æ•°æ˜¯å¦åŒ¹é…
time="2023-11-11 00:41:37" level=INFO source=DownloadByRank.go:183 msg=éœ€ä¸‹è½½å‰top10ï¼ŒæˆåŠŸä¸‹è½½å‰top0ï¼Œä¸‹è½½å¤±è´¥0ï¼Œè¿‡æ»¤ä¸ª0ï¼ŒæˆåŠŸä¸‹è½½0ä¸ªå›¾ç‰‡
time="2023-11-11 00:42:38" level=INFO source=config.go:35 msg="config è¯»å–æˆåŠŸ"
time="2023-11-11 00:42:38" level=INFO source=cookie.go:24 msg="" Browser.!BADKEY="[Proxy http://127.0.0.1:10809]"
time="2023-11-11 00:42:39" level=ERROR source=checkTime.go:22 msg=æ—¥æœŸé”™è¯¯ï¼Œæ—¥æœŸè¿˜æœªåˆ°è¾¾
time="2023-11-11 00:42:39" level=INFO source=DownloadByRank.go:94 msg="Download Ranking by Post ID mode (15)."
time="2023-11-11 00:42:39" level=INFO source=DownloadByRank.go:100 msg="Downloading Setting View:R18 true,Data 20231110, Mode daily, TopPage 10, Content , SkipIllust false, SkipUgoira false, SkipManga false, SkipNovel false"
time="2023-11-11 00:42:39" level=INFO source=DownloadByRank.go:119 msg="** Page 1 **"
time="2023-11-11 00:42:39" level=DEBUG source=browser.go:116 msg="https://www.pixiv.net/ranking.php?mode=daily&date=20231110&p=1&format=json"
time="2023-11-11 00:42:43" level=INFO source=DownloadByRank.go:121 msg=è§£æé”™è¯¯ï¼Œè¯·æ£€æŸ¥å‚æ•°æ˜¯å¦åŒ¹é…
time="2023-11-11 00:42:43" level=INFO source=DownloadByRank.go:183 msg=éœ€ä¸‹è½½å‰top10ï¼ŒæˆåŠŸä¸‹è½½å‰top0ï¼Œä¸‹è½½å¤±è´¥0ï¼Œè¿‡æ»¤ä¸ª0ï¼ŒæˆåŠŸä¸‹è½½0ä¸ªå›¾ç‰‡
time="2023-11-11 00:51:40" level=INFO source=config.go:35 msg="config è¯»å–æˆåŠŸ"
time="2023-11-11 00:51:40" level=INFO source=cookie.go:25 msg="" Browser.!BADKEY="[Proxy http://127.0.0.1:10809]"
time="2023-11-11 00:51:41" level=ERROR source=checkTime.go:22 msg=æ—¥æœŸé”™è¯¯ï¼Œæ—¥æœŸè¿˜æœªåˆ°è¾¾
time="2023-11-11 00:51:41" level=INFO source=DownloadByRank.go:94 msg="Download Ranking by Post ID mode (15)."
time="2023-11-11 00:51:41" level=INFO source=DownloadByRank.go:100 msg="Downloading Setting View:R18 true,Data 20231110, Mode daily, TopPage 10, Content , SkipIllust false, SkipUgoira false, SkipManga false, SkipNovel false"
time="2023-11-11 00:51:41" level=INFO source=DownloadByRank.go:119 msg="** Page 1 **"
time="2023-11-11 00:51:41" level=DEBUG source=browser.go:114 msg="https://www.pixiv.net/ranking.php?mode=daily&date=20231110&p=1&format=json"
time="2023-11-11 00:51:42" level=INFO source=DownloadByRank.go:121 msg=è§£æé”™è¯¯ï¼Œè¯·æ£€æŸ¥å‚æ•°æ˜¯å¦åŒ¹é…
time="2023-11-11 00:51:42" level=INFO source=DownloadByRank.go:183 msg=éœ€ä¸‹è½½å‰top10ï¼ŒæˆåŠŸä¸‹è½½å‰top0ï¼Œä¸‹è½½å¤±è´¥0ï¼Œè¿‡æ»¤ä¸ª0ï¼ŒæˆåŠŸä¸‹è½½0ä¸ªå›¾ç‰‡
time="2023-11-11 00:52:47" level=INFO source=config.go:35 msg="config è¯»å–æˆåŠŸ"
time="2023-11-11 00:52:47" level=INFO source=cookie.go:25 msg="" Browser.!BADKEY="[Proxy http://127.0.0.1:10809]"
time="2023-11-11 00:52:47" level=ERROR source=checkTime.go:22 msg=æ—¥æœŸé”™è¯¯ï¼Œæ—¥æœŸè¿˜æœªåˆ°è¾¾
time="2023-11-11 00:52:47" level=INFO source=DownloadByRank.go:94 msg="Download Ranking by Post ID mode (15)."
time="2023-11-11 00:52:47" level=INFO source=DownloadByRank.go:100 msg="Downloading Setting View:R18 true,Data 20231110, Mode daily, TopPage 10, Content , SkipIllust false, SkipUgoira false, SkipManga false, SkipNovel false"
time="2023-11-11 00:52:47" level=INFO source=DownloadByRank.go:119 msg="** Page 1 **"
time="2023-11-11 00:52:47" level=DEBUG source=browser.go:114 msg="https://www.pixiv.net/ranking.php?mode=daily&date=20231110&p=1&format=json"
time="2023-11-11 00:52:48" level=INFO source=DownloadByRank.go:121 msg=è§£æé”™è¯¯ï¼Œè¯·æ£€æŸ¥å‚æ•°æ˜¯å¦åŒ¹é…
time="2023-11-11 00:52:48" level=INFO source=DownloadByRank.go:183 msg=éœ€ä¸‹è½½å‰top10ï¼ŒæˆåŠŸä¸‹è½½å‰top0ï¼Œä¸‹è½½å¤±è´¥0ï¼Œè¿‡æ»¤ä¸ª0ï¼ŒæˆåŠŸä¸‹è½½0ä¸ªå›¾ç‰‡
time="2023-11-11 00:57:30" level=INFO source=config.go:35 msg="config è¯»å–æˆåŠŸ"
time="2023-11-11 00:57:30" level=INFO source=cookie.go:25 msg="" Browser.!BADKEY="[Proxy http://127.0.0.1:10809]"
time="2023-11-11 00:57:31" level=ERROR source=checkTime.go:22 msg=æ—¥æœŸé”™è¯¯ï¼Œæ—¥æœŸè¿˜æœªåˆ°è¾¾
time="2023-11-11 00:57:31" level=INFO source=DownloadByRank.go:94 msg="Download Ranking by Post ID mode (15)."
time="2023-11-11 00:57:31" level=INFO source=DownloadByRank.go:100 msg="Downloading Setting View:R18 true,Data 20231110, Mode daily, TopPage 10, Content , SkipIllust false, SkipUgoira false, SkipManga false, SkipNovel false"
time="2023-11-11 00:57:31" level=INFO source=DownloadByRank.go:119 msg="** Page 1 **"
time="2023-11-11 00:57:31" level=DEBUG source=browser.go:114 msg="https://www.pixiv.net/ranking.php?mode=daily&date=20231110&p=1&format=json"
time="2023-11-11 00:57:34" level=INFO source=DownloadByRank.go:121 msg="å—åˆ°äº†CloudFlare 5sç›¾çš„ç®¡æ§ï¼Œ å¯èƒ½æ˜¯Cookieså·²ç»å¤±æ•ˆ"
time="2023-11-11 00:57:34" level=INFO source=DownloadByRank.go:183 msg=éœ€ä¸‹è½½å‰top10ï¼ŒæˆåŠŸä¸‹è½½å‰top0ï¼Œä¸‹è½½å¤±è´¥0ï¼Œè¿‡æ»¤ä¸ª0ï¼ŒæˆåŠŸä¸‹è½½0ä¸ªå›¾ç‰‡
time="2023-11-11 17:19:27" level=INFO source=config.go:36 msg="config è¯»å–æˆåŠŸ"
time="2023-11-11 17:19:27" level=INFO source=cookie.go:24 msg="" Browser.!BADKEY="[Proxy http://127.0.0.1:10809]"
time="2023-11-11 17:19:28" level=INFO source=DownloadByRank.go:94 msg="Download Ranking by Post ID mode (15)."
time="2023-11-11 17:19:28" level=INFO source=DownloadByRank.go:100 msg="Downloading Setting View:R18 true,Data 20231110, Mode daily, TopPage 10, Content , SkipIllust false, SkipUgoira false, SkipManga false, SkipNovel false"
time="2023-11-11 17:19:28" level=INFO source=DownloadByRank.go:119 msg="** Page 1 **"
time="2023-11-11 17:19:28" level=DEBUG source=browser.go:114 msg="https://www.pixiv.net/ranking.php?mode=daily&date=20231110&p=1&format=json"
time="2023-11-11 17:19:29" level=INFO source=DownloadByRank.go:121 msg="å—åˆ°äº†CloudFlare 5sç›¾çš„ç®¡æ§ï¼Œ å¯èƒ½æ˜¯Cookieså·²ç»å¤±æ•ˆ"
time="2023-11-11 17:19:29" level=INFO source=DownloadByRank.go:183 msg=éœ€ä¸‹è½½å‰top10ï¼ŒæˆåŠŸä¸‹è½½å‰top0ï¼Œä¸‹è½½å¤±è´¥0ï¼Œè¿‡æ»¤ä¸ª0ï¼ŒæˆåŠŸä¸‹è½½0ä¸ªå›¾ç‰‡
time="2023-11-11 17:19:58" level=INFO source=config.go:36 msg="config è¯»å–æˆåŠŸ"
time="2023-11-11 17:19:58" level=INFO source=cookie.go:24 msg="" Browser.!BADKEY="[Proxy http://127.0.0.1:10809]"
time="2023-11-11 17:19:59" level=INFO source=DownloadByRank.go:94 msg="Download Ranking by Post ID mode (15)."
time="2023-11-11 17:19:59" level=INFO source=DownloadByRank.go:100 msg="Downloading Setting View:R18 true,Data 20231110, Mode daily, TopPage 10, Content , SkipIllust false, SkipUgoira false, SkipManga false, SkipNovel false"
time="2023-11-11 17:19:59" level=INFO source=DownloadByRank.go:119 msg="** Page 1 **"
time="2023-11-11 17:19:59" level=DEBUG source=browser.go:114 msg="https://www.pixiv.net/ranking.php?mode=daily&date=20231110&p=1&format=json"
time="2023-11-11 17:20:00" level=INFO source=DownloadByRank.go:121 msg="å—åˆ°äº†CloudFlare 5sç›¾çš„ç®¡æ§ï¼Œ å¯èƒ½æ˜¯Cookieså·²ç»å¤±æ•ˆ"
time="2023-11-11 17:20:00" level=INFO source=DownloadByRank.go:183 msg=éœ€ä¸‹è½½å‰top10ï¼ŒæˆåŠŸä¸‹è½½å‰top0ï¼Œä¸‹è½½å¤±è´¥0ï¼Œè¿‡æ»¤ä¸ª0ï¼ŒæˆåŠŸä¸‹è½½0ä¸ªå›¾ç‰‡
time="2023-11-11 17:22:51" level=INFO source=config.go:36 msg="config è¯»å–æˆåŠŸ"
time="2023-11-11 17:22:51" level=INFO source=cookie.go:24 msg="" Browser.!BADKEY="[Proxy http://127.0.0.1:10809]"
time="2023-11-11 17:22:51" level=INFO source=DownloadByRank.go:94 msg="Download Ranking by Post ID mode (15)."
time="2023-11-11 17:22:51" level=INFO source=DownloadByRank.go:100 msg="Downloading Setting View:R18 true,Data 20231110, Mode daily, TopPage 10, Content , SkipIllust false, SkipUgoira false, SkipManga false, SkipNovel false"
time="2023-11-11 17:22:51" level=INFO source=DownloadByRank.go:119 msg="** Page 1 **"
time="2023-11-11 17:22:51" level=DEBUG source=browser.go:114 msg="https://www.pixiv.net/ranking.php?mode=daily&date=20231110&p=1&format=json"
time="2023-11-11 17:22:52" level=INFO source=DownloadByRank.go:121 msg="å—åˆ°äº†CloudFlare 5sç›¾çš„ç®¡æ§ï¼Œ è¯·æ£€æŸ¥cookieå’Œæ¢¯å­æ˜¯å¦æœ‰æ•ˆ"
time="2023-11-11 17:22:52" level=INFO source=DownloadByRank.go:183 msg=éœ€ä¸‹è½½å‰top10ï¼ŒæˆåŠŸä¸‹è½½å‰top0ï¼Œä¸‹è½½å¤±è´¥0ï¼Œè¿‡æ»¤ä¸ª0ï¼ŒæˆåŠŸä¸‹è½½0ä¸ªå›¾ç‰‡
time="2023-11-11 17:23:32" level=INFO source=config.go:36 msg="config è¯»å–æˆåŠŸ"
time="2023-11-11 17:23:32" level=INFO source=cookie.go:24 msg="" Browser.!BADKEY="[Proxy http://127.0.0.1:10809]"
time="2023-11-11 17:23:32" level=INFO source=DownloadByRank.go:94 msg="Download Ranking by Post ID mode (15)."
time="2023-11-11 17:23:32" level=INFO source=DownloadByRank.go:100 msg="Downloading Setting View:R18 true,Data 20231110, Mode daily, TopPage 10, Content , SkipIllust false, SkipUgoira false, SkipManga false, SkipNovel false"
time="2023-11-11 17:23:32" level=INFO source=DownloadByRank.go:119 msg="** Page 1 **"
time="2023-11-11 17:23:32" level=DEBUG source=browser.go:114 msg="https://www.pixiv.net/ranking.php?mode=daily&date=20231110&p=1&format=json"
time="2023-11-11 17:23:33" level=INFO source=DownloadByRank.go:121 msg="å—åˆ°äº†CloudFlare 5sç›¾çš„ç®¡æ§ï¼Œ è¯·æ£€æŸ¥cookieå’Œæ¢¯å­æ˜¯å¦æœ‰æ•ˆ"
time="2023-11-11 17:23:33" level=INFO source=DownloadByRank.go:183 msg=éœ€ä¸‹è½½å‰top10ï¼ŒæˆåŠŸä¸‹è½½å‰top0ï¼Œä¸‹è½½å¤±è´¥0ï¼Œè¿‡æ»¤ä¸ª0ï¼ŒæˆåŠŸä¸‹è½½0ä¸ªå›¾ç‰‡
time="2023-11-11 17:23:58" level=INFO source=config.go:36 msg="config è¯»å–æˆåŠŸ"
time="2023-11-11 17:23:58" level=INFO source=cookie.go:24 msg="" Browser.!BADKEY="[Proxy http://127.0.0.1:10809]"
time="2023-11-11 17:23:59" level=INFO source=DownloadByRank.go:94 msg="Download Ranking by Post ID mode (15)."
time="2023-11-11 17:23:59" level=INFO source=DownloadByRank.go:100 msg="Downloading Setting View:R18 true,Data 20231110, Mode daily, TopPage 10, Content , SkipIllust false, SkipUgoira false, SkipManga false, SkipNovel false"
time="2023-11-11 17:23:59" level=INFO source=DownloadByRank.go:119 msg="** Page 1 **"
time="2023-11-11 17:23:59" level=DEBUG source=browser.go:114 msg="https://www.pixiv.net/ranking.php?mode=daily&date=20231110&p=1&format=json"
time="2023-11-11 17:24:00" level=INFO source=DownloadByRank.go:121 msg="å—åˆ°äº†CloudFlare 5sç›¾çš„ç®¡æ§ï¼Œ è¯·æ£€æŸ¥cookieå’Œæ¢¯å­æ˜¯å¦æœ‰æ•ˆ"
time="2023-11-11 17:24:00" level=INFO source=DownloadByRank.go:183 msg=éœ€ä¸‹è½½å‰top10ï¼ŒæˆåŠŸä¸‹è½½å‰top0ï¼Œä¸‹è½½å¤±è´¥0ï¼Œè¿‡æ»¤ä¸ª0ï¼ŒæˆåŠŸä¸‹è½½0ä¸ªå›¾ç‰‡
time="2023-11-11 17:31:10" level=INFO source=config.go:36 msg="config è¯»å–æˆåŠŸ"
time="2023-11-11 17:31:10" level=INFO source=cookie.go:24 msg="" Browser.!BADKEY="[Proxy http://127.0.0.1:10809]"
time="2023-11-11 17:31:11" level=INFO source=DownloadByRank.go:94 msg="Download Ranking by Post ID mode (15)."
time="2023-11-11 17:31:11" level=INFO source=DownloadByRank.go:100 msg="Downloading Setting View:R18 true,Data 20231110, Mode daily, TopPage 10, Content , SkipIllust false, SkipUgoira false, SkipManga false, SkipNovel false"
time="2023-11-11 17:31:11" level=INFO source=DownloadByRank.go:119 msg="** Page 1 **"
time="2023-11-11 17:31:11" level=DEBUG source=browser.go:114 msg="https://www.pixiv.net/ranking.php?mode=daily&date=20231110&p=1&format=json"
time="2023-11-11 17:31:12" level=INFO source=DownloadByRank.go:121 msg="å—åˆ°äº†CloudFlare 5sç›¾çš„ç®¡æ§ï¼Œ è¯·æ£€æŸ¥cookieå’Œæ¢¯å­æ˜¯å¦æœ‰æ•ˆ"
time="2023-11-11 17:31:12" level=INFO source=DownloadByRank.go:183 msg=éœ€ä¸‹è½½å‰top10ï¼ŒæˆåŠŸä¸‹è½½å‰top0ï¼Œä¸‹è½½å¤±è´¥0ï¼Œè¿‡æ»¤ä¸ª0ï¼ŒæˆåŠŸä¸‹è½½0ä¸ªå›¾ç‰‡
time="2023-11-11 17:33:27" level=INFO source=config.go:36 msg="config è¯»å–æˆåŠŸ"
time="2023-11-11 17:33:27" level=INFO source=cookie.go:24 msg="" Browser.!BADKEY="[Proxy http://127.0.0.1:10809]"
time="2023-11-11 17:33:28" level=INFO source=DownloadByRank.go:94 msg="Download Ranking by Post ID mode (15)."
time="2023-11-11 17:33:28" level=INFO source=DownloadByRank.go:100 msg="Downloading Setting View:R18 true,Data 20231110, Mode daily, TopPage 10, Content , SkipIllust false, SkipUgoira false, SkipManga false, SkipNovel false"
time="2023-11-11 17:33:28" level=INFO source=DownloadByRank.go:119 msg="** Page 1 **"
time="2023-11-11 17:33:28" level=DEBUG source=browser.go:114 msg="https://www.pixiv.net/ranking.php?mode=daily&date=20231110&p=1&format=json"
time="2023-11-11 17:33:29" level=INFO source=DownloadByRank.go:121 msg="https://www.pixiv.net/ranking.php?mode=daily&date=20231110&p=1&format=json"
time="2023-11-11 17:33:29" level=INFO source=DownloadByRank.go:183 msg=éœ€ä¸‹è½½å‰top10ï¼ŒæˆåŠŸä¸‹è½½å‰top0ï¼Œä¸‹è½½å¤±è´¥0ï¼Œè¿‡æ»¤ä¸ª0ï¼ŒæˆåŠŸä¸‹è½½0ä¸ªå›¾ç‰‡
time="2023-11-11 17:36:54" level=INFO source=config.go:36 msg="config è¯»å–æˆåŠŸ"
time="2023-11-11 17:36:54" level=INFO source=cookie.go:24 msg="" Browser.!BADKEY="[Proxy http://127.0.0.1:10809]"
time="2023-11-11 17:36:55" level=INFO source=DownloadByRank.go:94 msg="Download Ranking by Post ID mode (15)."
time="2023-11-11 17:36:55" level=INFO source=DownloadByRank.go:100 msg="Downloading Setting View:R18 true,Data 20231110, Mode daily, TopPage 10, Content , SkipIllust false, SkipUgoira false, SkipManga false, SkipNovel false"
time="2023-11-11 17:36:55" level=INFO source=DownloadByRank.go:119 msg="** Page 1 **"
time="2023-11-11 17:36:55" level=DEBUG source=browser.go:113 msg="https://www.pixiv.net/ranking.php?mode=daily&date=20231110&p=1&format=json"
time="2023-11-11 17:36:57" level=INFO source=DownloadByRank.go:121 msg="https://www.pixiv.net/ranking.php?mode=daily&date=20231110&p=1&format=json"
time="2023-11-11 17:36:57" level=INFO source=DownloadByRank.go:183 msg=éœ€ä¸‹è½½å‰top10ï¼ŒæˆåŠŸä¸‹è½½å‰top0ï¼Œä¸‹è½½å¤±è´¥0ï¼Œè¿‡æ»¤ä¸ª0ï¼ŒæˆåŠŸä¸‹è½½0ä¸ªå›¾ç‰‡
time="2023-11-11 17:39:01" level=INFO source=config.go:36 msg="config è¯»å–æˆåŠŸ"
time="2023-11-11 17:39:01" level=INFO source=cookie.go:24 msg="" Browser.!BADKEY="[Proxy http://127.0.0.1:10809]"
time="2023-11-11 17:39:02" level=INFO source=DownloadByRank.go:94 msg="Download Ranking by Post ID mode (15)."
time="2023-11-11 17:39:02" level=INFO source=DownloadByRank.go:100 msg="Downloading Setting View:R18 true,Data 20231110, Mode daily, TopPage 10, Content , SkipIllust false, SkipUgoira false, SkipManga false, SkipNovel false"
time="2023-11-11 17:39:02" level=INFO source=DownloadByRank.go:119 msg="** Page 1 **"
time="2023-11-11 17:39:02" level=DEBUG source=browser.go:114 msg="https://www.pixiv.net/ranking.php?mode=daily&date=20231110&p=1&format=json"
time="2023-11-11 17:39:03" level=INFO source=DownloadByRank.go:121 msg="https://www.pixiv.net/ranking.php?mode=daily&date=20231110&p=1&format=json"
time="2023-11-11 17:39:03" level=INFO source=DownloadByRank.go:183 msg=éœ€ä¸‹è½½å‰top10ï¼ŒæˆåŠŸä¸‹è½½å‰top0ï¼Œä¸‹è½½å¤±è´¥0ï¼Œè¿‡æ»¤ä¸ª0ï¼ŒæˆåŠŸä¸‹è½½0ä¸ªå›¾ç‰‡
time="2023-11-11 17:40:34" level=INFO source=config.go:36 msg="config è¯»å–æˆåŠŸ"
time="2023-11-11 17:40:34" level=INFO source=cookie.go:24 msg="" Browser.!BADKEY="[Proxy http://127.0.0.1:10809]"
time="2023-11-11 17:40:34" level=INFO source=DownloadByRank.go:94 msg="Download Ranking by Post ID mode (15)."
time="2023-11-11 17:40:34" level=INFO source=DownloadByRank.go:100 msg="Downloading Setting View:R18 true,Data 20231110, Mode daily, TopPage 10, Content , SkipIllust false, SkipUgoira false, SkipManga false, SkipNovel false"
time="2023-11-11 17:40:34" level=INFO source=DownloadByRank.go:119 msg="** Page 1 **"
time="2023-11-11 17:40:34" level=DEBUG source=browser.go:114 msg="https://www.pixiv.net/ranking.php?mode=daily&date=20231110&p=1&format=json"
time="2023-11-11 17:40:36" level=INFO source=DownloadByRank.go:121 msg="https://www.pixiv.net/ranking.php?mode=daily&date=20231110&p=1&format=json"
time="2023-11-11 17:40:36" level=INFO source=DownloadByRank.go:183 msg=éœ€ä¸‹è½½å‰top10ï¼ŒæˆåŠŸä¸‹è½½å‰top0ï¼Œä¸‹è½½å¤±è´¥0ï¼Œè¿‡æ»¤ä¸ª0ï¼ŒæˆåŠŸä¸‹è½½0ä¸ªå›¾ç‰‡
time="2023-11-11 17:42:45" level=INFO source=config.go:36 msg="config è¯»å–æˆåŠŸ"
time="2023-11-11 17:42:45" level=INFO source=cookie.go:24 msg="" Browser.!BADKEY="[Proxy http://127.0.0.1:10809]"
time="2023-11-11 17:42:46" level=INFO source=DownloadByRank.go:94 msg="Download Ranking by Post ID mode (15)."
time="2023-11-11 17:42:46" level=INFO source=DownloadByRank.go:100 msg="Downloading Setting View:R18 true,Data 20231110, Mode daily, TopPage 10, Content , SkipIllust false, SkipUgoira false, SkipManga false, SkipNovel false"
time="2023-11-11 17:42:46" level=INFO source=DownloadByRank.go:119 msg="** Page 1 **"
time="2023-11-11 17:42:46" level=DEBUG source=browser.go:114 msg="https://www.pixiv.net/ranking.php?mode=daily&date=20231110&p=1&format=json"
time="2023-11-11 17:42:47" level=INFO source=DownloadByRank.go:121 msg="https://www.pixiv.net/ranking.php?mode=daily&date=20231110&p=1&format=json"
time="2023-11-11 17:42:47" level=INFO source=DownloadByRank.go:183 msg=éœ€ä¸‹è½½å‰top10ï¼ŒæˆåŠŸä¸‹è½½å‰top0ï¼Œä¸‹è½½å¤±è´¥0ï¼Œè¿‡æ»¤ä¸ª0ï¼ŒæˆåŠŸä¸‹è½½0ä¸ªå›¾ç‰‡
time="2023-11-11 17:43:14" level=INFO source=config.go:36 msg="config è¯»å–æˆåŠŸ"
time="2023-11-11 17:43:14" level=INFO source=cookie.go:24 msg="" Browser.!BADKEY="[Proxy http://127.0.0.1:10809]"
time="2023-11-11 17:43:15" level=INFO source=DownloadByRank.go:94 msg="Download Ranking by Post ID mode (15)."
time="2023-11-11 17:43:15" level=INFO source=DownloadByRank.go:100 msg="Downloading Setting View:R18 true,Data 20231110, Mode daily, TopPage 10, Content , SkipIllust false, SkipUgoira false, SkipManga false, SkipNovel false"
time="2023-11-11 17:43:15" level=INFO source=DownloadByRank.go:119 msg="** Page 1 **"
time="2023-11-11 17:43:15" level=DEBUG source=browser.go:114 msg="https://www.pixiv.net/ranking.php?mode=daily&date=20231110&p=1&format=json"
time="2023-11-11 17:43:17" level=INFO source=DownloadByRank.go:121 msg="https://www.pixiv.net/ranking.php?mode=daily&date=20231110&p=1&format=json"
time="2023-11-11 17:43:17" level=INFO source=DownloadByRank.go:183 msg=éœ€ä¸‹è½½å‰top10ï¼ŒæˆåŠŸä¸‹è½½å‰top0ï¼Œä¸‹è½½å¤±è´¥0ï¼Œè¿‡æ»¤ä¸ª0ï¼ŒæˆåŠŸä¸‹è½½0ä¸ªå›¾ç‰‡
time="2023-11-11 19:19:00" level=INFO source=config.go:36 msg="config è¯»å–æˆåŠŸ"
time="2023-11-11 19:19:00" level=INFO source=cookie.go:24 msg="" Browser.!BADKEY="[Proxy http://127.0.0.1:10809]"
time="2023-11-11 19:19:01" level=INFO source=DownloadByRank.go:94 msg="Download Ranking by Post ID mode (15)."
time="2023-11-11 19:19:01" level=INFO source=DownloadByRank.go:100 msg="Downloading Setting View:R18 true,Data 20231110, Mode daily, TopPage 10, Content , SkipIllust false, SkipUgoira false, SkipManga false, SkipNovel false"
time="2023-11-11 19:19:01" level=INFO source=DownloadByRank.go:119 msg="** Page 1 **"
time="2023-11-11 19:19:03" level=DEBUG source=browser.go:70 msg="https://www.pixiv.net/ranking.php?mode=daily&date=20231110&p=1&format=json"
time="2023-11-11 19:19:03" level=INFO source=DownloadByRank.go:121 msg=""
time="2023-11-11 19:19:04" level=INFO source=browser.go:166 msg=" - [1/1]Image URL : https://i.pximg.net/img-original/img/2023/11/09/00/00/16/113252155_p0.png\n"
time="2023-11-11 19:19:09" level=INFO source=browser.go:175 msg="Image 113252155 DownLoad Success And Save In: Z:\\ä½¿ç”¨\\å›¾ç‰‡\\pixiv\\è—¤ã¡ã‚‡ã“ï¼ˆè—¤åŸï¼‰(27517)\\[113252155_p0]ãƒãƒ¼ãƒ¡ã‚¤ãƒ‰ãƒ»ãƒãƒ¼ãƒãƒªã‚¦ãƒ .png"
time="2023-11-11 19:19:10" level=INFO source=browser.go:166 msg=" - [1/1]Image URL : https://i.pximg.net/img-original/img/2023/11/09/00/00/08/113252105_p0.jpg\n"
time="2023-11-11 19:19:11" level=INFO source=browser.go:175 msg="Image 113252105 DownLoad Success And Save In: Z:\\ä½¿ç”¨\\å›¾ç‰‡\\pixiv\\ï¿¦ANKE(24218478)\\[113252105_p0]mahito.jpg"
time="2023-11-11 19:19:12" level=INFO source=browser.go:166 msg=" - [1/1]Image URL : https://i.pximg.net/img-original/img/2023/11/09/19/25/57/113268555_p0.jpg\n"
time="2023-11-11 19:19:13" level=INFO source=browser.go:175 msg="Image 113268555 DownLoad Success And Save In: Z:\\ä½¿ç”¨\\å›¾ç‰‡\\pixiv\\ReDrop(7758)\\[113268555_p0]ServantSummerVacation2023.jpg"
time="2023-11-11 19:19:14" level=INFO source=browser.go:166 msg=" - [1/1]Image URL : https://i.pximg.net/img-original/img/2023/11/10/02/20/38/113279279_p0.jpg\n"
time="2023-11-11 19:19:15" level=INFO source=browser.go:175 msg="Image 113279279 DownLoad Success And Save In: Z:\\ä½¿ç”¨\\å›¾ç‰‡\\pixiv\\ï¿¦ANKE(24218478)\\[113279279_p0]ğ—”rtğ—œst.jpg"
time="2023-11-11 19:19:16" level=INFO source=browser.go:166 msg=" - [1/1]Image URL : https://i.pximg.net/img-original/img/2023/11/09/01/46/59/113254881_p0.png\n"
time="2023-11-11 19:19:17" level=INFO source=browser.go:175 msg="Image 113254881 DownLoad Success And Save In: Z:\\ä½¿ç”¨\\å›¾ç‰‡\\pixiv\\yeurei(8261520)\\[113254881_p0]Blue Skies Blue Waters.png"
time="2023-11-11 19:19:18" level=INFO source=browser.go:166 msg=" - [1/1]Image URL : https://i.pximg.net/img-original/img/2023/11/10/12/04/40/113285690_p0.jpg\n"
time="2023-11-11 19:19:19" level=INFO source=browser.go:175 msg="Image 113285690 DownLoad Success And Save In: Z:\\ä½¿ç”¨\\å›¾ç‰‡\\pixiv\\siki(6558698)\\[113285690_p0]..jpg"
time="2023-11-11 19:19:20" level=INFO source=browser.go:166 msg=" - [1/1]Image URL : https://i.pximg.net/img-original/img/2023/11/10/01/54/10/113278920_p0.jpg\n"
time="2023-11-11 19:19:21" level=INFO source=browser.go:175 msg="Image 113278920 DownLoad Success And Save In: Z:\\ä½¿ç”¨\\å›¾ç‰‡\\pixiv\\ttosom(6203904)\\[113278920_p0]-.jpg"
time="2023-11-11 19:19:22" level=INFO source=browser.go:166 msg=" - [1/1]Image URL : https://i.pximg.net/img-original/img/2023/11/10/00/39/39/113276649_p0.jpg\n"
time="2023-11-11 19:19:23" level=INFO source=browser.go:175 msg="Image 113276649 DownLoad Success And Save In: Z:\\ä½¿ç”¨\\å›¾ç‰‡\\pixiv\\ã´ã‚ˆå‰(11049645)\\[113276649_p0]ãƒ¬ã‚¤ãƒãƒª.jpg"
time="2023-11-11 19:19:24" level=INFO source=browser.go:166 msg=" - [1/1]Image URL : https://i.pximg.net/img-original/img/2023/11/09/00/00/12/113252131_p0.jpg\n"
time="2023-11-11 19:19:25" level=INFO source=browser.go:175 msg="Image 113252131 DownLoad Success And Save In: Z:\\ä½¿ç”¨\\å›¾ç‰‡\\pixiv\\ã´ã‚ˆå‰(11049645)\\[113252131_p0]äººæ°—æŠ•ç¥¨.jpg"
time="2023-11-11 19:19:26" level=INFO source=browser.go:166 msg=" - [1/1]Image URL : https://i.pximg.net/img-original/img/2023/11/09/05/17/29/113257076_p0.png\n"
time="2023-11-11 19:19:28" level=INFO source=browser.go:175 msg="Image 113257076 DownLoad Success And Save In: Z:\\ä½¿ç”¨\\å›¾ç‰‡\\pixiv\\ã«ã‚“ã’ã‚“ã¾ã‚@100æ—¥æŠ•ç¨¿ä¸­ï¼(38297201)\\[113257076_p0]ã‚­ã‚µã‚­.png"
time="2023-11-11 19:19:29" level=INFO source=browser.go:166 msg=" - [1/1]Image URL : https://i.pximg.net/img-original/img/2023/11/10/21/44/22/113296953_p0.jpg\n"
time="2023-11-11 19:19:31" level=INFO source=browser.go:175 msg="Image 113296953 DownLoad Success And Save In: Z:\\ä½¿ç”¨\\å›¾ç‰‡\\pixiv\\pottsness(59336265)\\[113296953_p0]ã‚¹ã‚«ãƒ¼ã‚¯ã™ã”ã‹ã£ãŸ.jpg"
time="2023-11-11 21:50:28" level=INFO source=config.go:36 msg="config è¯»å–æˆåŠŸ"
time="2023-11-11 21:50:28" level=INFO source=cookie.go:24 msg="" Browser.!BADKEY="[Proxy http://127.0.0.1:10809]"
time="2023-11-11 21:50:29" level=INFO source=DownloadByRank.go:94 msg="Download Ranking by Post ID mode (15)."
time="2023-11-11 21:50:29" level=INFO source=DownloadByRank.go:100 msg="Downloading Setting View:R18 true,Data 20231110, Mode daily, TopPage 10, Content , SkipIllust false, SkipUgoira false, SkipManga false, SkipNovel false"
time="2023-11-11 21:50:29" level=INFO source=DownloadByRank.go:117 msg="** Page 1 **"
time="2023-11-11 21:50:33" level=DEBUG source=browser.go:70 msg="https://www.pixiv.net/ranking.php?mode=daily&date=20231110&p=1&format=json"
time="2023-11-11 21:50:33" level=INFO source=DownloadByRank.go:119 msg=""
time="2023-11-11 21:50:34" level=INFO source=browser.go:167 msg=" - [1/1]Image URL : https://i.pximg.net/img-original/img/2023/11/09/00/00/16/113252155_p0.png"
time="2023-11-11 21:50:41" level=INFO source=browser.go:181 msg="Image 113252155 DownLoad Success And Save In: Z:\\ä½¿ç”¨\\å›¾ç‰‡\\pixiv\\ãƒãƒ¼ãƒ¡ã‚¤ãƒ‰ãƒ»ãƒãƒ¼ãƒãƒªã‚¦ãƒ [27517]-113252155\\[113252155]ãƒãƒ¼ãƒ¡ã‚¤ãƒ‰ãƒ»ãƒãƒ¼ãƒãƒªã‚¦ãƒ .png"
time="2023-11-11 21:50:42" level=INFO source=browser.go:167 msg=" - [1/1]Image URL : https://i.pximg.net/img-original/img/2023/11/09/00/00/08/113252105_p0.jpg"
time="2023-11-11 21:50:43" level=INFO source=browser.go:181 msg="Image 113252105 DownLoad Success And Save In: Z:\\ä½¿ç”¨\\å›¾ç‰‡\\pixiv\\mahito[24218478]-113252105\\[113252105]mahito.jpg"
time="2023-11-11 21:50:44" level=INFO source=browser.go:167 msg=" - [1/1]Image URL : https://i.pximg.net/img-original/img/2023/11/09/19/25/57/113268555_p0.jpg"
time="2023-11-11 21:50:45" level=INFO source=browser.go:181 msg="Image 113268555 DownLoad Success And Save In: Z:\\ä½¿ç”¨\\å›¾ç‰‡\\pixiv\\ServantSummerVacation2023[7758]-113268555\\[113268555]ServantSummerVacation2023.jpg"
time="2023-11-11 21:50:46" level=INFO source=browser.go:167 msg=" - [1/1]Image URL : https://i.pximg.net/img-original/img/2023/11/10/02/20/38/113279279_p0.jpg"
time="2023-11-11 21:50:47" level=INFO source=browser.go:181 msg="Image 113279279 DownLoad Success And Save In: Z:\\ä½¿ç”¨\\å›¾ç‰‡\\pixiv\\ğ—”rtğ—œst[24218478]-113279279\\[113279279]ğ—”rtğ—œst.jpg"
time="2023-11-11 21:50:48" level=INFO source=browser.go:167 msg=" - [1/1]Image URL : https://i.pximg.net/img-original/img/2023/11/09/01/46/59/113254881_p0.png"
time="2023-11-11 21:50:49" level=INFO source=browser.go:181 msg="Image 113254881 DownLoad Success And Save In: Z:\\ä½¿ç”¨\\å›¾ç‰‡\\pixiv\\Blue Skies Blue Waters[8261520]-113254881\\[113254881]Blue Skies Blue Waters.png"
time="2023-11-11 21:50:50" level=INFO source=browser.go:167 msg=" - [1/1]Image URL : https://i.pximg.net/img-original/img/2023/11/10/12/04/40/113285690_p0.jpg"
time="2023-11-11 21:50:51" level=INFO source=browser.go:181 msg="Image 113285690 DownLoad Success And Save In: Z:\\ä½¿ç”¨\\å›¾ç‰‡\\pixiv\\.[6558698]-113285690\\[113285690]..jpg"
time="2023-11-11 21:50:52" level=INFO source=browser.go:167 msg=" - [1/1]Image URL : https://i.pximg.net/img-original/img/2023/11/10/01/54/10/113278920_p0.jpg"
time="2023-11-11 21:50:53" level=INFO source=browser.go:181 msg="Image 113278920 DownLoad Success And Save In: Z:\\ä½¿ç”¨\\å›¾ç‰‡\\pixiv\\-[6203904]-113278920\\[113278920]-.jpg"
time="2023-11-11 21:50:54" level=INFO source=browser.go:167 msg=" - [1/1]Image URL : https://i.pximg.net/img-original/img/2023/11/10/00/39/39/113276649_p0.jpg"
time="2023-11-11 21:50:55" level=INFO source=browser.go:181 msg="Image 113276649 DownLoad Success And Save In: Z:\\ä½¿ç”¨\\å›¾ç‰‡\\pixiv\\ãƒ¬ã‚¤ãƒãƒª[11049645]-113276649\\[113276649]ãƒ¬ã‚¤ãƒãƒª.jpg"
time="2023-11-11 21:50:56" level=INFO source=browser.go:167 msg=" - [1/1]Image URL : https://i.pximg.net/img-original/img/2023/11/09/00/00/12/113252131_p0.jpg"
time="2023-11-11 21:50:57" level=INFO source=browser.go:181 msg="Image 113252131 DownLoad Success And Save In: Z:\\ä½¿ç”¨\\å›¾ç‰‡\\pixiv\\äººæ°—æŠ•ç¥¨[11049645]-113252131\\[113252131]äººæ°—æŠ•ç¥¨.jpg"
time="2023-11-11 21:50:58" level=INFO source=browser.go:167 msg=" - [1/1]Image URL : https://i.pximg.net/img-original/img/2023/11/09/05/17/29/113257076_p0.png"
time="2023-11-11 21:51:00" level=INFO source=browser.go:181 msg="Image 113257076 DownLoad Success And Save In: Z:\\ä½¿ç”¨\\å›¾ç‰‡\\pixiv\\ã‚­ã‚µã‚­[38297201]-113257076\\[113257076]ã‚­ã‚µã‚­.png"
time="2023-11-11 21:51:01" level=INFO source=browser.go:167 msg=" - [1/1]Image URL : https://i.pximg.net/img-original/img/2023/11/10/21/44/22/113296953_p0.jpg"
time="2023-11-11 21:51:02" level=INFO source=browser.go:181 msg="Image 113296953 DownLoad Success And Save In: Z:\\ä½¿ç”¨\\å›¾ç‰‡\\pixiv\\ã‚¹ã‚«ãƒ¼ã‚¯ã™ã”ã‹ã£ãŸ[59336265]-113296953\\[113296953]ã‚¹ã‚«ãƒ¼ã‚¯ã™ã”ã‹ã£ãŸ.jpg"
time="2023-11-11 22:27:58" level=INFO source=config.go:36 msg="config è¯»å–æˆåŠŸ"
time="2023-11-11 22:27:58" level=INFO source=cookie.go:24 msg="" Browser.!BADKEY="[Proxy http://127.0.0.1:10809]"
time="2023-11-11 22:27:59" level=INFO source=DownloadByRank.go:98 msg="Download Ranking by Post ID mode (15)."
time="2023-11-11 22:27:59" level=INFO source=DownloadByRank.go:104 msg="Downloading Setting View:R18 true,Data 20231110, Mode daily, TopPage 10, Content , SkipIllust false, SkipUgoira false, SkipManga false, SkipNovel false"
time="2023-11-11 22:27:59" level=INFO source=DownloadByRank.go:121 msg="** Page 1 **"
time="2023-11-11 22:28:02" level=DEBUG source=browser.go:70 msg="https://www.pixiv.net/ranking.php?mode=daily&date=20231110&p=1&format=json"
time="2023-11-11 22:28:02" level=INFO source=DownloadByRank.go:123 msg=""
time="2023-11-11 22:28:03" level=INFO source=browser.go:167 msg=" - [1/1]Image URL : https://i.pximg.net/img-original/img/2023/11/09/00/00/16/113252155_p0.png"
time="2023-11-11 22:28:08" level=INFO source=browser.go:181 msg="Image 113252155 DownLoad Success And Save In: Z:\\ä½¿ç”¨\\å›¾ç‰‡\\pixiv\\rank\\daily\\20231110-\\è—¤ã¡ã‚‡ã“ï¼ˆè—¤åŸï¼‰(27517)\\[113252155]ãƒãƒ¼ãƒ¡ã‚¤ãƒ‰ãƒ»ãƒãƒ¼ãƒãƒªã‚¦ãƒ .png"
time="2023-11-11 22:28:10" level=INFO source=browser.go:167 msg=" - [1/1]Image URL : https://i.pximg.net/img-original/img/2023/11/09/00/00/08/113252105_p0.jpg"
time="2023-11-11 22:28:11" level=INFO source=browser.go:181 msg="Image 113252105 DownLoad Success And Save In: Z:\\ä½¿ç”¨\\å›¾ç‰‡\\pixiv\\rank\\daily\\20231110-\\ï¿¦ANKE(24218478)\\[113252105]mahito.jpg"
time="2023-11-11 22:28:12" level=INFO source=browser.go:167 msg=" - [1/1]Image URL : https://i.pximg.net/img-original/img/2023/11/09/19/25/57/113268555_p0.jpg"
time="2023-11-11 22:28:13" level=INFO source=browser.go:181 msg="Image 113268555 DownLoad Success And Save In: Z:\\ä½¿ç”¨\\å›¾ç‰‡\\pixiv\\rank\\daily\\20231110-\\ReDrop(7758)\\[113268555]ServantSummerVacation2023.jpg"
time="2023-11-11 22:28:15" level=INFO source=browser.go:167 msg=" - [1/1]Image URL : https://i.pximg.net/img-original/img/2023/11/10/02/20/38/113279279_p0.jpg"
time="2023-11-11 22:28:16" level=INFO source=browser.go:181 msg="Image 113279279 DownLoad Success And Save In: Z:\\ä½¿ç”¨\\å›¾ç‰‡\\pixiv\\rank\\daily\\20231110-\\ï¿¦ANKE(24218478)\\[113279279]ğ—”rtğ—œst.jpg"
time="2023-11-11 22:28:17" level=INFO source=browser.go:167 msg=" - [1/1]Image URL : https://i.pximg.net/img-original/img/2023/11/09/01/46/59/113254881_p0.png"
time="2023-11-11 22:28:19" level=INFO source=browser.go:181 msg="Image 113254881 DownLoad Success And Save In: Z:\\ä½¿ç”¨\\å›¾ç‰‡\\pixiv\\rank\\daily\\20231110-\\yeurei(8261520)\\[113254881]Blue Skies Blue Waters.png"
time="2023-11-11 22:28:21" level=INFO source=browser.go:167 msg=" - [1/1]Image URL : https://i.pximg.net/img-original/img/2023/11/10/12/04/40/113285690_p0.jpg"
time="2023-11-11 22:28:22" level=INFO source=browser.go:181 msg="Image 113285690 DownLoad Success And Save In: Z:\\ä½¿ç”¨\\å›¾ç‰‡\\pixiv\\rank\\daily\\20231110-\\siki(6558698)\\[113285690]..jpg"
time="2023-11-11 22:28:23" level=INFO source=browser.go:167 msg=" - [1/1]Image URL : https://i.pximg.net/img-original/img/2023/11/10/01/54/10/113278920_p0.jpg"
time="2023-11-11 22:28:25" level=INFO source=browser.go:181 msg="Image 113278920 DownLoad Success And Save In: Z:\\ä½¿ç”¨\\å›¾ç‰‡\\pixiv\\rank\\daily\\20231110-\\ttosom(6203904)\\[113278920]-.jpg"
time="2023-11-11 22:28:26" level=INFO source=browser.go:167 msg=" - [1/1]Image URL : https://i.pximg.net/img-original/img/2023/11/10/00/39/39/113276649_p0.jpg"
time="2023-11-11 22:28:27" level=INFO source=browser.go:181 msg="Image 113276649 DownLoad Success And Save In: Z:\\ä½¿ç”¨\\å›¾ç‰‡\\pixiv\\rank\\daily\\20231110-\\ã´ã‚ˆå‰(11049645)\\[113276649]ãƒ¬ã‚¤ãƒãƒª.jpg"
time="2023-11-11 22:28:29" level=INFO source=browser.go:167 msg=" - [1/1]Image URL : https://i.pximg.net/img-original/img/2023/11/09/00/00/12/113252131_p0.jpg"
time="2023-11-11 22:28:30" level=INFO source=browser.go:181 msg="Image 113252131 DownLoad Success And Save In: Z:\\ä½¿ç”¨\\å›¾ç‰‡\\pixiv\\rank\\daily\\20231110-\\ã´ã‚ˆå‰(11049645)\\[113252131]äººæ°—æŠ•ç¥¨.jpg"
time="2023-11-11 22:28:31" level=INFO source=browser.go:167 msg=" - [1/1]Image URL : https://i.pximg.net/img-original/img/2023/11/09/05/17/29/113257076_p0.png"
time="2023-11-11 22:28:34" level=INFO source=browser.go:181 msg="Image 113257076 DownLoad Success And Save In: Z:\\ä½¿ç”¨\\å›¾ç‰‡\\pixiv\\rank\\daily\\20231110-\\ã«ã‚“ã’ã‚“ã¾ã‚@100æ—¥æŠ•ç¨¿ä¸­ï¼(38297201)\\[113257076]ã‚­ã‚µã‚­.png"
time="2023-11-11 22:28:35" level=INFO source=browser.go:167 msg=" - [1/1]Image URL : https://i.pximg.net/img-original/img/2023/11/10/21/44/22/113296953_p0.jpg"
time="2023-11-11 22:28:36" level=INFO source=browser.go:181 msg="Image 113296953 DownLoad Success And Save In: Z:\\ä½¿ç”¨\\å›¾ç‰‡\\pixiv\\rank\\daily\\20231110-\\pottsness(59336265)\\[113296953]ã‚¹ã‚«ãƒ¼ã‚¯ã™ã”ã‹ã£ãŸ.jpg"
time="2023-11-11 23:04:24" level=INFO source=config.go:36 msg="config è¯»å–æˆåŠŸ"
time="2023-11-11 23:04:24" level=INFO source=cookie.go:24 msg="" Browser.!BADKEY="[Proxy http://127.0.0.1:10809]"
time="2023-11-11 23:04:24" level=INFO source=DownloadByRank.go:99 msg="Download Ranking by Post ID mode (15)."
time="2023-11-11 23:04:24" level=INFO source=DownloadByRank.go:105 msg="Downloading Setting View:R18 true,Data 20231110, Mode daily, TopPage 10, Content all, SkipIllust false, SkipUgoira false, SkipManga false, SkipNovel false"
time="2023-11-11 23:04:24" level=INFO source=DownloadByRank.go:127 msg="** Page 1 **"
time="2023-11-11 23:04:25" level=DEBUG source=browser.go:70 msg="https://www.pixiv.net/ranking.php?mode=daily&date=20231110&p=1&format=json"
time="2023-11-11 23:04:25" level=INFO source=DownloadByRank.go:129 msg=""
time="2023-11-11 23:04:26" level=INFO source=browser.go:167 msg=" - [1/1]Image URL : https://i.pximg.net/img-original/img/2023/11/09/00/00/16/113252155_p0.png"
time="2023-11-11 23:04:30" level=INFO source=browser.go:181 msg="Image 113252155 DownLoad Success And Save In: Z:\\ä½¿ç”¨\\å›¾ç‰‡\\pixiv\\rank\\daily\\20231110-all\\è—¤ã¡ã‚‡ã“ï¼ˆè—¤åŸï¼‰(27517)\\[113252155]ãƒãƒ¼ãƒ¡ã‚¤ãƒ‰ãƒ»ãƒãƒ¼ãƒãƒªã‚¦ãƒ .png"
time="2023-11-11 23:04:30" level=INFO source=browser.go:167 msg=" - [1/1]Image URL : https://i.pximg.net/img-original/img/2023/11/09/00/00/08/113252105_p0.jpg"
time="2023-11-11 23:04:31" level=INFO source=browser.go:181 msg="Image 113252105 DownLoad Success And Save In: Z:\\ä½¿ç”¨\\å›¾ç‰‡\\pixiv\\rank\\daily\\20231110-all\\ï¿¦ANKE(24218478)\\[113252105]mahito.jpg"
time="2023-11-11 23:04:31" level=INFO source=browser.go:167 msg=" - [1/1]Image URL : https://i.pximg.net/img-original/img/2023/11/09/19/25/57/113268555_p0.jpg"
time="2023-11-11 23:04:32" level=INFO source=browser.go:181 msg="Image 113268555 DownLoad Success And Save In: Z:\\ä½¿ç”¨\\å›¾ç‰‡\\pixiv\\rank\\daily\\20231110-all\\ReDrop(7758)\\[113268555]ServantSummerVacation2023.jpg"
time="2023-11-11 23:04:32" level=INFO source=DownloadByRank.go:127 msg="** Page 1 **"
time="2023-11-11 23:04:32" level=DEBUG source=browser.go:70 msg="https://www.pixiv.net/ranking.php?mode=daily&date=20231110&p=1&format=json"
time="2023-11-11 23:04:32" level=INFO source=DownloadByRank.go:129 msg=""
time="2023-11-11 23:04:33" level=INFO source=browser.go:167 msg=" - [1/1]Image URL : https://i.pximg.net/img-original/img/2023/11/09/00/00/16/113252155_p0.png"
time="2023-11-11 23:04:35" level=INFO source=browser.go:181 msg="Image 113252155 DownLoad Success And Save In: Z:\\ä½¿ç”¨\\å›¾ç‰‡\\pixiv\\rank\\daily\\20231110-all\\è—¤ã¡ã‚‡ã“ï¼ˆè—¤åŸï¼‰(27517)\\[113252155]ãƒãƒ¼ãƒ¡ã‚¤ãƒ‰ãƒ»ãƒãƒ¼ãƒãƒªã‚¦ãƒ .png"
time="2023-11-11 23:04:35" level=INFO source=browser.go:167 msg=" - [1/1]Image URL : https://i.pximg.net/img-original/img/2023/11/09/00/00/08/113252105_p0.jpg"
time="2023-11-11 23:04:36" level=INFO source=browser.go:181 msg="Image 113252105 DownLoad Success And Save In: Z:\\ä½¿ç”¨\\å›¾ç‰‡\\pixiv\\rank\\daily\\20231110-all\\ï¿¦ANKE(24218478)\\[113252105]mahito.jpg"
time="2023-11-11 23:04:36" level=INFO source=browser.go:167 msg=" - [1/1]Image URL : https://i.pximg.net/img-original/img/2023/11/09/19/25/57/113268555_p0.jpg"
time="2023-11-11 23:04:37" level=INFO source=browser.go:181 msg="Image 113268555 DownLoad Success And Save In: Z:\\ä½¿ç”¨\\å›¾ç‰‡\\pixiv\\rank\\daily\\20231110-all\\ReDrop(7758)\\[113268555]ServantSummerVacation2023.jpg"
time="2023-11-11 23:04:37" level=INFO source=DownloadByRank.go:127 msg="** Page 1 **"
time="2023-11-11 23:04:37" level=DEBUG source=browser.go:70 msg="https://www.pixiv.net/ranking.php?mode=daily&date=20231110&p=1&format=json"
time="2023-11-11 23:04:37" level=INFO source=DownloadByRank.go:129 msg=""
time="2023-11-11 23:04:38" level=INFO source=browser.go:167 msg=" - [1/1]Image URL : https://i.pximg.net/img-original/img/2023/11/09/00/00/16/113252155_p0.png"
time="2023-11-11 23:04:40" level=INFO source=browser.go:181 msg="Image 113252155 DownLoad Success And Save In: Z:\\ä½¿ç”¨\\å›¾ç‰‡\\pixiv\\rank\\daily\\20231110-all\\è—¤ã¡ã‚‡ã“ï¼ˆè—¤åŸï¼‰(27517)\\[113252155]ãƒãƒ¼ãƒ¡ã‚¤ãƒ‰ãƒ»ãƒãƒ¼ãƒãƒªã‚¦ãƒ .png"
time="2023-11-11 23:04:41" level=INFO source=browser.go:167 msg=" - [1/1]Image URL : https://i.pximg.net/img-original/img/2023/11/09/00/00/08/113252105_p0.jpg"
time="2023-11-11 23:04:41" level=INFO source=browser.go:181 msg="Image 113252105 DownLoad Success And Save In: Z:\\ä½¿ç”¨\\å›¾ç‰‡\\pixiv\\rank\\daily\\20231110-all\\ï¿¦ANKE(24218478)\\[113252105]mahito.jpg"
time="2023-11-11 23:04:42" level=INFO source=browser.go:167 msg=" - [1/1]Image URL : https://i.pximg.net/img-original/img/2023/11/09/19/25/57/113268555_p0.jpg"
time="2023-11-11 23:04:42" level=INFO source=browser.go:181 msg="Image 113268555 DownLoad Success And Save In: Z:\\ä½¿ç”¨\\å›¾ç‰‡\\pixiv\\rank\\daily\\20231110-all\\ReDrop(7758)\\[113268555]ServantSummerVacation2023.jpg"
time="2023-11-11 23:04:42" level=INFO source=DownloadByRank.go:127 msg="** Page 1 **"
time="2023-11-11 23:04:42" level=DEBUG source=browser.go:70 msg="https://www.pixiv.net/ranking.php?mode=daily&date=20231110&p=1&format=json"
time="2023-11-11 23:04:42" level=INFO source=DownloadByRank.go:129 msg=""
time="2023-11-11 23:04:43" level=INFO source=browser.go:167 msg=" - [1/1]Image URL : https://i.pximg.net/img-original/img/2023/11/09/00/00/16/113252155_p0.png"
time="2023-11-11 23:04:45" level=INFO source=browser.go:181 msg="Image 113252155 DownLoad Success And Save In: Z:\\ä½¿ç”¨\\å›¾ç‰‡\\pixiv\\rank\\daily\\20231110-all\\è—¤ã¡ã‚‡ã“ï¼ˆè—¤åŸï¼‰(27517)\\[113252155]ãƒãƒ¼ãƒ¡ã‚¤ãƒ‰ãƒ»ãƒãƒ¼ãƒãƒªã‚¦ãƒ .png"
time="2023-11-11 23:04:46" level=INFO source=browser.go:167 msg=" - [1/1]Image URL : https://i.pximg.net/img-original/img/2023/11/09/00/00/08/113252105_p0.jpg"
time="2023-11-11 23:04:46" level=INFO source=browser.go:181 msg="Image 113252105 DownLoad Success And Save In: Z:\\ä½¿ç”¨\\å›¾ç‰‡\\pixiv\\rank\\daily\\20231110-all\\ï¿¦ANKE(24218478)\\[113252105]mahito.jpg"
time="2023-11-11 23:04:47" level=INFO source=browser.go:167 msg=" - [1/1]Image URL : https://i.pximg.net/img-original/img/2023/11/09/19/25/57/113268555_p0.jpg"
time="2023-11-11 23:04:47" level=INFO source=browser.go:181 msg="Image 113268555 DownLoad Success And Save In: Z:\\ä½¿ç”¨\\å›¾ç‰‡\\pixiv\\rank\\daily\\20231110-all\\ReDrop(7758)\\[113268555]ServantSummerVacation2023.jpg"
time="2023-11-11 23:04:47" level=INFO source=DownloadByRank.go:127 msg="** Page 1 **"
time="2023-11-11 23:04:48" level=DEBUG source=browser.go:70 msg="https://www.pixiv.net/ranking.php?mode=daily&date=20231110&p=1&format=json"
time="2023-11-11 23:04:48" level=INFO source=DownloadByRank.go:129 msg=""
time="2023-11-11 23:04:48" level=INFO source=browser.go:167 msg=" - [1/1]Image URL : https://i.pximg.net/img-original/img/2023/11/09/00/00/16/113252155_p0.png"
time="2023-11-11 23:04:51" level=INFO source=browser.go:181 msg="Image 113252155 DownLoad Success And Save In: Z:\\ä½¿ç”¨\\å›¾ç‰‡\\pixiv\\rank\\daily\\20231110-all\\è—¤ã¡ã‚‡ã“ï¼ˆè—¤åŸï¼‰(27517)\\[113252155]ãƒãƒ¼ãƒ¡ã‚¤ãƒ‰ãƒ»ãƒãƒ¼ãƒãƒªã‚¦ãƒ .png"
time="2023-11-11 23:04:52" level=INFO source=browser.go:167 msg=" - [1/1]Image URL : https://i.pximg.net/img-original/img/2023/11/09/00/00/08/113252105_p0.jpg"
time="2023-11-11 23:04:52" level=INFO source=browser.go:181 msg="Image 113252105 DownLoad Success And Save In: Z:\\ä½¿ç”¨\\å›¾ç‰‡\\pixiv\\rank\\daily\\20231110-all\\ï¿¦ANKE(24218478)\\[113252105]mahito.jpg"
time="2023-11-11 23:04:53" level=INFO source=browser.go:167 msg=" - [1/1]Image URL : https://i.pximg.net/img-original/img/2023/11/09/19/25/57/113268555_p0.jpg"
time="2023-11-11 23:04:54" level=INFO source=browser.go:181 msg="Image 113268555 DownLoad Success And Save In: Z:\\ä½¿ç”¨\\å›¾ç‰‡\\pixiv\\rank\\daily\\20231110-all\\ReDrop(7758)\\[113268555]ServantSummerVacation2023.jpg"
time="2023-11-11 23:04:54" level=INFO source=DownloadByRank.go:127 msg="** Page 1 **"
time="2023-11-11 23:04:54" level=DEBUG source=browser.go:70 msg="https://www.pixiv.net/ranking.php?mode=daily&date=20231110&p=1&format=json"
time="2023-11-11 23:04:54" level=INFO source=DownloadByRank.go:129 msg=""
time="2023-11-11 23:04:54" level=INFO source=browser.go:167 msg=" - [1/1]Image URL : https://i.pximg.net/img-original/img/2023/11/09/00/00/16/113252155_p0.png"
time="2023-11-11 23:04:57" level=INFO source=browser.go:181 msg="Image 113252155 DownLoad Success And Save In: Z:\\ä½¿ç”¨\\å›¾ç‰‡\\pixiv\\rank\\daily\\20231110-all\\è—¤ã¡ã‚‡ã“ï¼ˆè—¤åŸï¼‰(27517)\\[113252155]ãƒãƒ¼ãƒ¡ã‚¤ãƒ‰ãƒ»ãƒãƒ¼ãƒãƒªã‚¦ãƒ .png"
time="2023-11-11 23:04:57" level=INFO source=browser.go:167 msg=" - [1/1]Image URL : https://i.pximg.net/img-original/img/2023/11/09/00/00/08/113252105_p0.jpg"
time="2023-11-11 23:04:58" level=INFO source=browser.go:181 msg="Image 113252105 DownLoad Success And Save In: Z:\\ä½¿ç”¨\\å›¾ç‰‡\\pixiv\\rank\\daily\\20231110-all\\ï¿¦ANKE(24218478)\\[113252105]mahito.jpg"
time="2023-11-11 23:04:58" level=INFO source=browser.go:167 msg=" - [1/1]Image URL : https://i.pximg.net/img-original/img/2023/11/09/19/25/57/113268555_p0.jpg"
time="2023-11-11 23:04:59" level=INFO source=browser.go:181 msg="Image 113268555 DownLoad Success And Save In: Z:\\ä½¿ç”¨\\å›¾ç‰‡\\pixiv\\rank\\daily\\20231110-all\\ReDrop(7758)\\[113268555]ServantSummerVacation2023.jpg"
time="2023-11-11 23:04:59" level=INFO source=DownloadByRank.go:127 msg="** Page 1 **"
time="2023-11-11 23:04:59" level=DEBUG source=browser.go:70 msg="https://www.pixiv.net/ranking.php?mode=daily&date=20231110&p=1&format=json"
time="2023-11-11 23:04:59" level=INFO source=DownloadByRank.go:129 msg=""
time="2023-11-11 23:05:00" level=INFO source=browser.go:167 msg=" - [1/1]Image URL : https://i.pximg.net/img-original/img/2023/11/09/00/00/16/113252155_p0.png"
time="2023-11-11 23:05:03" level=INFO source=browser.go:181 msg="Image 113252155 DownLoad Success And Save In: Z:\\ä½¿ç”¨\\å›¾ç‰‡\\pixiv\\rank\\daily\\20231110-all\\è—¤ã¡ã‚‡ã“ï¼ˆè—¤åŸï¼‰(27517)\\[113252155]ãƒãƒ¼ãƒ¡ã‚¤ãƒ‰ãƒ»ãƒãƒ¼ãƒãƒªã‚¦ãƒ .png"
time="2023-11-11 23:05:03" level=INFO source=browser.go:167 msg=" - [1/1]Image URL : https://i.pximg.net/img-original/img/2023/11/09/00/00/08/113252105_p0.jpg"
time="2023-11-11 23:05:04" level=INFO source=browser.go:181 msg="Image 113252105 DownLoad Success And Save In: Z:\\ä½¿ç”¨\\å›¾ç‰‡\\pixiv\\rank\\daily\\20231110-all\\ï¿¦ANKE(24218478)\\[113252105]mahito.jpg"
time="2023-11-11 23:05:04" level=INFO source=browser.go:167 msg=" - [1/1]Image URL : https://i.pximg.net/img-original/img/2023/11/09/19/25/57/113268555_p0.jpg"
time="2023-11-11 23:05:05" level=INFO source=browser.go:181 msg="Image 113268555 DownLoad Success And Save In: Z:\\ä½¿ç”¨\\å›¾ç‰‡\\pixiv\\rank\\daily\\20231110-all\\ReDrop(7758)\\[113268555]ServantSummerVacation2023.jpg"
time="2023-11-11 23:05:05" level=INFO source=DownloadByRank.go:127 msg="** Page 1 **"
time="2023-11-11 23:05:05" level=DEBUG source=browser.go:70 msg="https://www.pixiv.net/ranking.php?mode=daily&date=20231110&p=1&format=json"
time="2023-11-11 23:05:05" level=INFO source=DownloadByRank.go:129 msg=""
time="2023-11-11 23:05:06" level=INFO source=browser.go:167 msg=" - [1/1]Image URL : https://i.pximg.net/img-original/img/2023/11/09/00/00/16/113252155_p0.png"
time="2023-11-11 23:05:08" level=INFO source=browser.go:181 msg="Image 113252155 DownLoad Success And Save In: Z:\\ä½¿ç”¨\\å›¾ç‰‡\\pixiv\\rank\\daily\\20231110-all\\è—¤ã¡ã‚‡ã“ï¼ˆè—¤åŸï¼‰(27517)\\[113252155]ãƒãƒ¼ãƒ¡ã‚¤ãƒ‰ãƒ»ãƒãƒ¼ãƒãƒªã‚¦ãƒ .png"
time="2023-11-11 23:05:08" level=INFO source=browser.go:167 msg=" - [1/1]Image URL : https://i.pximg.net/img-original/img/2023/11/09/00/00/08/113252105_p0.jpg"
time="2023-11-11 23:05:09" level=INFO source=browser.go:181 msg="Image 113252105 DownLoad Success And Save In: Z:\\ä½¿ç”¨\\å›¾ç‰‡\\pixiv\\rank\\daily\\20231110-all\\ï¿¦ANKE(24218478)\\[113252105]mahito.jpg"
time="2023-11-11 23:05:09" level=INFO source=browser.go:167 msg=" - [1/1]Image URL : https://i.pximg.net/img-original/img/2023/11/09/19/25/57/113268555_p0.jpg"
time="2023-11-11 23:05:10" level=INFO source=browser.go:181 msg="Image 113268555 DownLoad Success And Save In: Z:\\ä½¿ç”¨\\å›¾ç‰‡\\pixiv\\rank\\daily\\20231110-all\\ReDrop(7758)\\[113268555]ServantSummerVacation2023.jpg"
time="2023-11-11 23:05:10" level=INFO source=DownloadByRank.go:127 msg="** Page 1 **"
time="2023-11-11 23:05:10" level=DEBUG source=browser.go:70 msg="https://www.pixiv.net/ranking.php?mode=daily&date=20231110&p=1&format=json"
time="2023-11-11 23:05:10" level=INFO source=DownloadByRank.go:129 msg=""
time="2023-11-11 23:05:11" level=INFO source=browser.go:167 msg=" - [1/1]Image URL : https://i.pximg.net/img-original/img/2023/11/09/00/00/16/113252155_p0.png"
time="2023-11-11 23:05:13" level=INFO source=browser.go:181 msg="Image 113252155 DownLoad Success And Save In: Z:\\ä½¿ç”¨\\å›¾ç‰‡\\pixiv\\rank\\daily\\20231110-all\\è—¤ã¡ã‚‡ã“ï¼ˆè—¤åŸï¼‰(27517)\\[113252155]ãƒãƒ¼ãƒ¡ã‚¤ãƒ‰ãƒ»ãƒãƒ¼ãƒãƒªã‚¦ãƒ .png"
time="2023-11-11 23:05:14" level=INFO source=browser.go:167 msg=" - [1/1]Image URL : https://i.pximg.net/img-original/img/2023/11/09/00/00/08/113252105_p0.jpg"
time="2023-11-11 23:05:14" level=INFO source=browser.go:181 msg="Image 113252105 DownLoad Success And Save In: Z:\\ä½¿ç”¨\\å›¾ç‰‡\\pixiv\\rank\\daily\\20231110-all\\ï¿¦ANKE(24218478)\\[113252105]mahito.jpg"
time="2023-11-11 23:05:15" level=INFO source=browser.go:167 msg=" - [1/1]Image URL : https://i.pximg.net/img-original/img/2023/11/09/19/25/57/113268555_p0.jpg"
time="2023-11-11 23:05:15" level=INFO source=browser.go:181 msg="Image 113268555 DownLoad Success And Save In: Z:\\ä½¿ç”¨\\å›¾ç‰‡\\pixiv\\rank\\daily\\20231110-all\\ReDrop(7758)\\[113268555]ServantSummerVacation2023.jpg"
time="2023-11-11 23:05:15" level=INFO source=DownloadByRank.go:127 msg="** Page 1 **"
time="2023-11-11 23:05:16" level=DEBUG source=browser.go:70 msg="https://www.pixiv.net/ranking.php?mode=daily&date=20231110&p=1&format=json"
time="2023-11-11 23:05:16" level=INFO source=DownloadByRank.go:129 msg=""
time="2023-11-11 23:05:16" level=INFO source=browser.go:167 msg=" - [1/1]Image URL : https://i.pximg.net/img-original/img/2023/11/09/00/00/16/113252155_p0.png"
time="2023-11-11 23:19:32" level=INFO source=config.go:36 msg="config è¯»å–æˆåŠŸ"
time="2023-11-11 23:19:32" level=INFO source=cookie.go:24 msg="" Browser.!BADKEY="[Proxy http://127.0.0.1:10809]"
time="2023-11-11 23:19:33" level=INFO source=DownloadByRank.go:99 msg="Download Ranking by Post ID mode (15)."
time="2023-11-11 23:19:33" level=INFO source=DownloadByRank.go:105 msg="Downloading Setting View:R18 true,Data 20231110, Mode daily, TopPage 10, Content all, SkipIllust false, SkipUgoira false, SkipManga false, SkipNovel false"
time="2023-11-11 23:19:33" level=INFO source=DownloadByRank.go:122 msg="** Page 1 **"
time="2023-11-11 23:19:35" level=DEBUG source=browser.go:70 msg="https://www.pixiv.net/ranking.php?mode=daily&date=20231110&p=1&format=json"
time="2023-11-11 23:19:35" level=INFO source=DownloadByRank.go:124 msg=""
time="2023-11-11 23:19:36" level=INFO source=browser.go:166 msg=" - [1/1]Image URL : https://i.pximg.net/img-original/img/2023/11/09/00/00/16/113252155_p0.png"
time="2023-11-11 23:19:42" level=INFO source=browser.go:180 msg="Image 113252155 DownLoad Success And Save In: Z:\\ä½¿ç”¨\\å›¾ç‰‡\\pixiv\\rank\\daily\\20231110-all\\è—¤ã¡ã‚‡ã“ï¼ˆè—¤åŸï¼‰(27517)\\[113252155]ãƒãƒ¼ãƒ¡ã‚¤ãƒ‰ãƒ»ãƒãƒ¼ãƒãƒªã‚¦ãƒ .png"
time="2023-11-11 23:19:43" level=INFO source=browser.go:166 msg=" - [1/1]Image URL : https://i.pximg.net/img-original/img/2023/11/09/00/00/08/113252105_p0.jpg"
time="2023-11-11 23:19:44" level=INFO source=browser.go:180 msg="Image 113252105 DownLoad Success And Save In: Z:\\ä½¿ç”¨\\å›¾ç‰‡\\pixiv\\rank\\daily\\20231110-all\\ï¿¦ANKE(24218478)\\[113252105]mahito.jpg"
time="2023-11-11 23:19:45" level=INFO source=browser.go:166 msg=" - [1/1]Image URL : https://i.pximg.net/img-original/img/2023/11/09/19/25/57/113268555_p0.jpg"
time="2023-11-11 23:19:46" level=INFO source=browser.go:180 msg="Image 113268555 DownLoad Success And Save In: Z:\\ä½¿ç”¨\\å›¾ç‰‡\\pixiv\\rank\\daily\\20231110-all\\ReDrop(7758)\\[113268555]ServantSummerVacation2023.jpg"
time="2023-11-11 23:19:46" level=INFO source=DownloadByRank.go:122 msg="** Page 1 **"
time="2023-11-11 23:19:47" level=DEBUG source=browser.go:70 msg="https://www.pixiv.net/ranking.php?mode=daily&date=20231110&p=1&format=json"
time="2023-11-11 23:19:47" level=INFO source=DownloadByRank.go:124 msg=""
time="2023-11-11 23:19:48" level=INFO source=browser.go:166 msg=" - [1/1]Image URL : https://i.pximg.net/img-original/img/2023/11/09/00/00/16/113252155_p0.png"
time="2023-11-11 23:19:52" level=INFO source=browser.go:180 msg="Image 113252155 DownLoad Success And Save In: Z:\\ä½¿ç”¨\\å›¾ç‰‡\\pixiv\\rank\\daily\\20231110-all\\è—¤ã¡ã‚‡ã“ï¼ˆè—¤åŸï¼‰(27517)\\[113252155]ãƒãƒ¼ãƒ¡ã‚¤ãƒ‰ãƒ»ãƒãƒ¼ãƒãƒªã‚¦ãƒ .png"
time="2023-11-11 23:19:53" level=INFO source=browser.go:166 msg=" - [1/1]Image URL : https://i.pximg.net/img-original/img/2023/11/09/00/00/08/113252105_p0.jpg"
time="2023-11-11 23:19:54" level=INFO source=browser.go:180 msg="Image 113252105 DownLoad Success And Save In: Z:\\ä½¿ç”¨\\å›¾ç‰‡\\pixiv\\rank\\daily\\20231110-all\\ï¿¦ANKE(24218478)\\[113252105]mahito.jpg"
time="2023-11-11 23:19:55" level=INFO source=browser.go:166 msg=" - [1/1]Image URL : https://i.pximg.net/img-original/img/2023/11/09/19/25/57/113268555_p0.jpg"
time="2023-11-11 23:19:56" level=INFO source=browser.go:180 msg="Image 113268555 DownLoad Success And Save In: Z:\\ä½¿ç”¨\\å›¾ç‰‡\\pixiv\\rank\\daily\\20231110-all\\ReDrop(7758)\\[113268555]ServantSummerVacation2023.jpg"
time="2023-11-11 23:19:56" level=INFO source=DownloadByRank.go:122 msg="** Page 1 **"
time="2023-11-11 23:19:57" level=DEBUG source=browser.go:70 msg="https://www.pixiv.net/ranking.php?mode=daily&date=20231110&p=1&format=json"
time="2023-11-11 23:19:57" level=INFO source=DownloadByRank.go:124 msg=""
time="2023-11-11 23:19:58" level=INFO source=browser.go:166 msg=" - [1/1]Image URL : https://i.pximg.net/img-original/img/2023/11/09/00/00/16/113252155_p0.png"
time="2023-11-11 23:20:02" level=INFO source=browser.go:180 msg="Image 113252155 DownLoad Success And Save In: Z:\\ä½¿ç”¨\\å›¾ç‰‡\\pixiv\\rank\\daily\\20231110-all\\è—¤ã¡ã‚‡ã“ï¼ˆè—¤åŸï¼‰(27517)\\[113252155]ãƒãƒ¼ãƒ¡ã‚¤ãƒ‰ãƒ»ãƒãƒ¼ãƒãƒªã‚¦ãƒ .png"
time="2023-11-11 23:20:03" level=INFO source=browser.go:166 msg=" - [1/1]Image URL : https://i.pximg.net/img-original/img/2023/11/09/00/00/08/113252105_p0.jpg"
time="2023-11-11 23:20:04" level=INFO source=browser.go:180 msg="Image 113252105 DownLoad Success And Save In: Z:\\ä½¿ç”¨\\å›¾ç‰‡\\pixiv\\rank\\daily\\20231110-all\\ï¿¦ANKE(24218478)\\[113252105]mahito.jpg"
time="2023-11-11 23:20:05" level=INFO source=browser.go:166 msg=" - [1/1]Image URL : https://i.pximg.net/img-original/img/2023/11/09/19/25/57/113268555_p0.jpg"
time="2023-11-11 23:20:06" level=INFO source=browser.go:180 msg="Image 113268555 DownLoad Success And Save In: Z:\\ä½¿ç”¨\\å›¾ç‰‡\\pixiv\\rank\\daily\\20231110-all\\ReDrop(7758)\\[113268555]ServantSummerVacation2023.jpg"
time="2023-11-11 23:20:06" level=INFO source=DownloadByRank.go:122 msg="** Page 1 **"
time="2023-11-11 23:20:07" level=DEBUG source=browser.go:70 msg="https://www.pixiv.net/ranking.php?mode=daily&date=20231110&p=1&format=json"
time="2023-11-11 23:20:07" level=INFO source=DownloadByRank.go:124 msg=""
time="2023-11-11 23:20:08" level=INFO source=browser.go:166 msg=" - [1/1]Image URL : https://i.pximg.net/img-original/img/2023/11/09/00/00/16/113252155_p0.png"
time="2023-11-11 23:20:11" level=INFO source=browser.go:180 msg="Image 113252155 DownLoad Success And Save In: Z:\\ä½¿ç”¨\\å›¾ç‰‡\\pixiv\\rank\\daily\\20231110-all\\è—¤ã¡ã‚‡ã“ï¼ˆè—¤åŸï¼‰(27517)\\[113252155]ãƒãƒ¼ãƒ¡ã‚¤ãƒ‰ãƒ»ãƒãƒ¼ãƒãƒªã‚¦ãƒ .png"
time="2023-11-11 23:20:11" level=INFO source=DownloadByRank.go:200 msg=éœ€ä¸‹è½½å‰top10ï¼ŒæˆåŠŸä¸‹è½½å‰top10ï¼Œä¸‹è½½å¤±è´¥0ï¼Œè¿‡æ»¤ä¸ª0ï¼ŒæˆåŠŸä¸‹è½½10ä¸ªå›¾ç‰‡
